<?xml version="1.0" encoding="UTF-8"?>
<!-- Generated by org.testng.reporters.JUnitReportReporter -->
<testsuite hostname="Hasan" name="com.test.utils.HelloProgram" tests="3" failures="0" timestamp="31 Jul 2016 15:11:59 GMT" time="0.035" errors="0">
  <testcase name="whatsUp" time="0.018" classname="com.test.utils.HelloProgram"/>
  <testcase name="hello" time="0.015" classname="com.test.utils.HelloProgram"/>
  <testcase name="helloShafiBhai" time="0.002" classname="com.test.utils.HelloProgram"/>
</testsuite> <!-- com.test.utils.HelloProgram -->
