<?xml version="1.0" encoding="UTF-8"?>
<!-- Generated by org.testng.reporters.JUnitReportReporter -->
<testsuite hostname="Hasan" name="com.test.utils.HelloProgram" tests="2" failures="0" timestamp="31 Jul 2016 14:52:25 GMT" time="0.009" errors="0">
  <testcase name="hello" time="0.009" classname="com.test.utils.HelloProgram"/>
  <testcase name="helloShafiBhai" time="0.000" classname="com.test.utils.HelloProgram"/>
</testsuite> <!-- com.test.utils.HelloProgram -->
